<?xml version="1.0" encoding="UTF-8"?>
<!-- Generated by org.testng.reporters.JUnitReportReporter -->
<testsuite hostname="ICON" name="jan22.AdvanceReports" tests="2" failures="0" timestamp="23 Jan 2022 07:18:05 GMT" time="39.080" errors="0">
  <testcase name="passTest" time="20.222" classname="jan22.AdvanceReports"/>
  <testcase name="failTest" time="18.858" classname="jan22.AdvanceReports"/>
</testsuite> <!-- jan22.AdvanceReports -->
