<?xml version="1.0" encoding="UTF-8"?>
<!-- Generated by org.testng.reporters.JUnitReportReporter -->
<testsuite hostname="ICON" name="jan22.PropertiesFile" tests="1" failures="0" timestamp="23 Jan 2022 07:13:36 GMT" time="11.636" errors="0">
  <testcase name="VerifyRegister" time="11.636" classname="jan22.PropertiesFile"/>
</testsuite> <!-- jan22.PropertiesFile -->
