<?xml version="1.0" encoding="UTF-8"?>
<!-- Generated by org.testng.reporters.JUnitReportReporter -->
<testsuite hostname="ICON" name="jan12.Annotation1" tests="2" failures="0" timestamp="20 Jan 2022 10:56:14 GMT" time="10.515" errors="0">
  <testcase name="ibanking" time="5.284" classname="jan12.Annotation1"/>
  <testcase name="pbanking" time="5.231" classname="jan12.Annotation1"/>
</testsuite> <!-- jan12.Annotation1 -->
