<?xml version="1.0" encoding="UTF-8"?>
<!-- Generated by org.testng.reporters.JUnitReportReporter -->
<testsuite hostname="ICON" name="jan21.Calculator" tests="1" failures="0" timestamp="21 Jan 2022 15:01:27 GMT" time="199.911" errors="0">
  <testcase name="test" time="199.911" classname="jan21.Calculator"/>
</testsuite> <!-- jan21.Calculator -->
